Fork created successfully at 2026-01-18 23:15:17.398681
System initialized and verified with recent fixes
Database migrations completed
Backup created at: backup_system/backups/pre_fork_2026_01_18

SERVER ARCHITECTURE:
- Dual server architecture implemented
- Main application server on port 5000
- Secondary server for background tasks on port 5002
- Documentation: docs/DUAL_SERVER_ARCHITECTURE.md

ADMIN DASHBOARD:
- Admin dashboard fully functional with API usage tracking
- PDF report generation working for user statistics and API usage
- Access available at /admin for huskyauto@gmail.com
- Documentation: docs/admin_dashboard_documentation.md

BIOMETRIC DATA INTEGRATION:
- Biometric data integration verified successfully
- Real-time data from Oura and Ultrahuman rings available
- Documentation: docs/BIOMETRIC_DATA_SETUP.md

MEDITATION FEATURES:
- Meditation challenges with tracking implementation
- Voice guidance with stress monitoring integration
- Documentation: docs/meditation_challenges_documentation.md

LOCATION WELLNESS:
- Fast food detection with Google Places API
- Voice alerts for mindful eating
- Documentation: docs/location_wellness_documentation.md

FORK VERIFICATION SYSTEMS:
- Biometric data verification: verify_biometric_data.py
- Meditation feature verification: verify_meditation_feature.py
- Full fork integrity checks: verify_fork_integrity.py

IMPORTANT DOCUMENTATION:
- docs/FORK_INITIALIZATION_GUIDE_2025_05_03.md - Comprehensive fork initialization guide
- docs/BIOMETRIC_DATA_SETUP.md - Biometric integration guide
- docs/location_wellness_documentation.md - Location wellness feature guide
- docs/meditation_challenges_documentation.md - Meditation challenges guide
- docs/DUAL_SERVER_ARCHITECTURE.md - Server architecture guide
- docs/admin_dashboard_documentation.md - Admin dashboard guide

DEFAULT USER CREDENTIALS:
- Email: huskyauto@gmail.com
- Password: Rw-120764
- Note: This user has biometric data access configured
